[debug] [2020-02-05T04:18:33.360Z] ----------------------------------------------------------------------
[debug] [2020-02-05T04:18:33.362Z] Command:       C:\Program Files\nodejs\node.exe C:\Users\Joel Adams\AppData\Roaming\npm\node_modules\firebase-tools\lib\bin\firebase.js deploy
[debug] [2020-02-05T04:18:33.363Z] CLI Version:   6.9.2
[debug] [2020-02-05T04:18:33.363Z] Platform:      win32
[debug] [2020-02-05T04:18:33.363Z] Node Version:  v10.15.3
[debug] [2020-02-05T04:18:33.365Z] Time:          Tue Feb 04 2020 20:18:33 GMT-0800 (Pacific Standard Time)
[debug] [2020-02-05T04:18:33.365Z] ----------------------------------------------------------------------
[debug] 
[debug] [2020-02-05T04:18:33.382Z] > command requires scopes: ["email","openid","https://www.googleapis.com/auth/cloudplatformprojects.readonly","https://www.googleapis.com/auth/firebase","https://www.googleapis.com/auth/cloud-platform"]
[debug] [2020-02-05T04:18:33.382Z] > authorizing via signed-in user
[debug] [2020-02-05T04:18:33.382Z] [iam] checking project joelaphoto-44d21 for permissions ["firebase.projects.get","firebasedatabase.instances.update","firebasehosting.sites.update"]
[debug] [2020-02-05T04:18:33.384Z] > refreshing access token with scopes: ["email","https://www.googleapis.com/auth/cloud-platform","https://www.googleapis.com/auth/cloudplatformprojects.readonly","https://www.googleapis.com/auth/firebase","openid"]
[debug] [2020-02-05T04:18:33.385Z] >>> HTTP REQUEST POST https://www.googleapis.com/oauth2/v3/token  
 <request body omitted>
[debug] [2020-02-05T04:18:33.552Z] <<< HTTP RESPONSE 200
[debug] [2020-02-05T04:18:33.559Z] >>> HTTP REQUEST POST https://cloudresourcemanager.googleapis.com/v1/projects/joelaphoto-44d21:testIamPermissions  

[debug] [2020-02-05T04:18:33.709Z] <<< HTTP RESPONSE 200
[debug] [2020-02-05T04:18:33.710Z] >>> HTTP REQUEST GET https://firebase.googleapis.com/v1beta1/projects/joelaphoto-44d21  
 
[debug] [2020-02-05T04:18:33.920Z] <<< HTTP RESPONSE 200
[info] 
[info] === Deploying to 'joelaphoto-44d21'...
[info] 
[info] i  deploying database, hosting
[info] i  database: checking rules syntax...
[debug] [2020-02-05T04:18:33.924Z] >>> HTTP REQUEST PUT https://joelaphoto-44d21.firebaseio.com/.settings/rules.json?dryRun=true  
 {
  "rules": {
    ".read": true,
    ".write": true
  }
}

[debug] [2020-02-05T04:18:34.256Z] <<< HTTP RESPONSE 200
[info] +  database: rules syntax for database joelaphoto-44d21 is valid
[debug] [2020-02-05T04:18:34.258Z] >>> HTTP REQUEST POST https://firebasehosting.googleapis.com/v1beta1/sites/joelaphoto-44d21/versions  

[debug] [2020-02-05T04:18:35.752Z] <<< HTTP RESPONSE 200
[info] i  hosting[joelaphoto-44d21]: beginning deploy...
[info] i  hosting[joelaphoto-44d21]: found 83 files in dist/joelaphoto
[debug] [2020-02-05T04:18:35.780Z] [hosting] hash cache [ZGlzdFxqb2VsYXBob3Rv] load error: lines is not defined
[debug] [2020-02-05T04:18:37.067Z] [hosting] hash cache [ZGlzdFxqb2VsYXBob3Rv] stored for 83 files
[debug] [2020-02-05T04:18:37.067Z] [hosting][hash queue][FINAL]
[debug] [2020-02-05T04:18:37.067Z] >>> HTTP REQUEST POST https://firebasehosting.googleapis.com/v1beta1/sites/joelaphoto-44d21/versions/5ac04cb53b9e3a25:populateFiles  
 <request body omitted>
[info] i  hosting: adding files to version [0/83] (0%)
[debug] [2020-02-05T04:18:37.818Z] <<< HTTP RESPONSE 200
[debug] [2020-02-05T04:18:37.843Z] [hosting][populate queue][FINAL]
[debug] [2020-02-05T04:18:37.843Z] [hosting] uploads queued: 54
[info] i  hosting: uploading new files [4/54] (7%)
[info] i  hosting: uploading new files [8/54] (14%)
[info] i  hosting: uploading new files [11/54] (20%)
[info] i  hosting: uploading new files [12/54] (22%)
[info] i  hosting: uploading new files [12/54] (22%)
[info] i  hosting: uploading new files [12/54] (22%)
[info] i  hosting: uploading new files [12/54] (22%)
[info] i  hosting: uploading new files [12/54] (22%)
[info] i  hosting: uploading new files [12/54] (22%)
[info] i  hosting: uploading new files [12/54] (22%)
[debug] [2020-02-05T04:18:58.789Z] [uploadQueue] Retrying task 36da7d91adaf6461aa0b533d36bffdd462ecd041ec666780624ec02f8a73070c
[info] i  hosting: uploading new files [12/54] (22%)
[info] i  hosting: uploading new files [12/54] (22%)
[info] i  hosting: uploading new files [12/54] (22%)
[info] i  hosting: uploading new files [12/54] (22%)
[info] i  hosting: uploading new files [12/54] (22%)
[info] i  hosting: uploading new files [12/54] (22%)
[info] i  hosting: uploading new files [14/54] (25%)
[info] i  hosting: uploading new files [14/54] (25%)
[info] i  hosting: uploading new files [14/54] (25%)
[info] i  hosting: uploading new files [15/54] (27%)
[info] i  hosting: uploading new files [15/54] (27%)
[info] i  hosting: uploading new files [16/54] (29%)
[info] i  hosting: uploading new files [16/54] (29%)
[info] i  hosting: uploading new files [16/54] (29%)
[info] i  hosting: uploading new files [17/54] (31%)
